<?xml version="1.0" encoding="UTF-8"?>
<Site BuildName="(empty)"
	BuildStamp="20250528-1153-Experimental"
	Name="cuenca-borg"
	Generator="ctest-3.22.1"
	CompilerName="/usr/bin/c++"
	CompilerVersion="11.4.0"
	OSName="Linux"
	Hostname="cuenca-borg"
	OSRelease="6.8.0-59-generic"
	OSVersion="#61~22.04.1-Ubuntu SMP PREEMPT_DYNAMIC Tue Apr 15 17:03:15 UTC 2"
	OSPlatform="x86_64"
	Is64Bits="1"
	VendorString="GenuineIntel"
	VendorID="Intel Corporation"
	FamilyID="6"
	ModelID="170"
	ProcessorCacheSize="24576"
	NumberOfLogicalCPU="22"
	NumberOfPhysicalCPU="16"
	TotalVirtualMemory="0"
	TotalPhysicalMemory="15498"
	LogicalProcessorsPerPhysical="1"
	ProcessorClockFrequency="4300"
	>
	<Testing>
		<StartDateTime>May 28 15:22 -03</StartDateTime>
		<StartTestTime>1748456562</StartTestTime>
		<TestList/>
		<EndDateTime>May 28 15:22 -03</EndDateTime>
		<EndTestTime>1748456562</EndTestTime>
		<ElapsedMinutes>0</ElapsedMinutes>
	</Testing>
</Site>
